# JRE version: OpenJDK Runtime Environment Microsoft-8035246 (17.0.8+7) (build 17.0.8+7-LTS)
# Java VM: OpenJDK 64-Bit Server VM Microsoft-8035246 (17.0.8+7-LTS, mixed mode, sharing, tiered, compressed oops, compressed class ptrs, g1 gc, windows-amd64)
GC Precious Log:
 CPUs: 8 total, 8 available
 Memory: 16118M
 Large Page Support: Disabled
 NUMA Support: Disabled
 Compressed Oops: Enabled (32-bit)
 Heap Region Size: 1M
 Heap Min Capacity: 8M
 Heap Initial Capacity: 252M
 Heap Max Capacity: 2G
 Pre-touch: Disabled
 Parallel Workers: 8
 Concurrent Workers: 2
 Concurrent Refinement Workers: 8
 Periodic GC: Disabled
Heap:
 garbage-first heap   total 385024K, used 292546K [0x0000000080000000, 0x0000000100000000)
  region size 1024K, 115 young (117760K), 14 survivors (14336K)
 Metaspace       used 105855K, committed 106880K, reserved 557056K
  class space    used 14532K, committed 15040K, reserved 425984K
GC Heap History (20 events):
Event: 20.000 GC heap before
{Heap before GC invocations=29 (full 0):
 garbage-first heap   total 192512K, used 150809K [0x0000000080000000, 0x0000000100000000)
  region size 1024K, 70 young (71680K), 1 survivors (1024K)
 Metaspace       used 84520K, committed 85312K, reserved 557056K
  class space    used 11728K, committed 12096K, reserved 425984K
}
Event: 20.004 GC heap after
{Heap after GC invocations=30 (full 0):
 garbage-first heap   total 192512K, used 85280K [0x0000000080000000, 0x0000000100000000)
  region size 1024K, 6 young (6144K), 6 survivors (6144K)
 Metaspace       used 84520K, committed 85312K, reserved 557056K
  class space    used 11728K, committed 12096K, reserved 425984K
}
Event: 21.208 GC heap before
{Heap before GC invocations=30 (full 0):
 garbage-first heap   total 192512K, used 161056K [0x0000000080000000, 0x0000000100000000)
  region size 1024K, 72 young (73728K), 6 survivors (6144K)
 Metaspace       used 87977K, committed 88768K, reserved 557056K
  class space    used 12221K, committed 12608K, reserved 425984K
}
Event: 21.216 GC heap after
{Heap after GC invocations=31 (full 0):
 garbage-first heap   total 192512K, used 104303K [0x0000000080000000, 0x0000000100000000)
  region size 1024K, 9 young (9216K), 9 survivors (9216K)
 Metaspace       used 87977K, committed 88768K, reserved 557056K
  class space    used 12221K, committed 12608K, reserved 425984K
}
Event: 22.606 GC heap before
{Heap before GC invocations=31 (full 0):
 garbage-first heap   total 192512K, used 159599K [0x0000000080000000, 0x0000000100000000)
  region size 1024K, 57 young (58368K), 9 survivors (9216K)
 Metaspace       used 90270K, committed 91200K, reserved 557056K
  class space    used 12495K, committed 12928K, reserved 425984K
}
Event: 22.614 GC heap after
{Heap after GC invocations=32 (full 0):
 garbage-first heap   total 192512K, used 121115K [0x0000000080000000, 0x0000000100000000)
  region size 1024K, 8 young (8192K), 8 survivors (8192K)
 Metaspace       used 90270K, committed 91200K, reserved 557056K
  class space    used 12495K, committed 12928K, reserved 425984K
}
Event: 23.003 GC heap before
{Heap before GC invocations=32 (full 0):
 garbage-first heap   total 192512K, used 155931K [0x0000000080000000, 0x0000000100000000)
  region size 1024K, 42 young (43008K), 8 survivors (8192K)
 Metaspace       used 92269K, committed 93184K, reserved 557056K
  class space    used 12791K, committed 13248K, reserved 425984K
}
Event: 23.010 GC heap after
{Heap after GC invocations=33 (full 0):
 garbage-first heap   total 192512K, used 126114K [0x0000000080000000, 0x0000000100000000)
  region size 1024K, 5 young (5120K), 5 survivors (5120K)
 Metaspace       used 92269K, committed 93184K, reserved 557056K
  class space    used 12791K, committed 13248K, reserved 425984K
}
Event: 23.318 GC heap before
{Heap before GC invocations=33 (full 0):
 garbage-first heap   total 192512K, used 157858K [0x0000000080000000, 0x0000000100000000)
  region size 1024K, 36 young (36864K), 5 survivors (5120K)
 Metaspace       used 94062K, committed 94976K, reserved 557056K
  class space    used 13039K, committed 13504K, reserved 425984K
}
Event: 23.324 GC heap after
{Heap after GC invocations=34 (full 0):
 garbage-first heap   total 192512K, used 127952K [0x0000000080000000, 0x0000000100000000)
  region size 1024K, 2 young (2048K), 2 survivors (2048K)
 Metaspace       used 94062K, committed 94976K, reserved 557056K
  class space    used 13039K, committed 13504K, reserved 425984K
}
Event: 23.682 GC heap before
{Heap before GC invocations=34 (full 0):
 garbage-first heap   total 192512K, used 160720K [0x0000000080000000, 0x0000000100000000)
  region size 1024K, 34 young (34816K), 2 survivors (2048K)
 Metaspace       used 96371K, committed 97280K, reserved 557056K
  class space    used 13347K, committed 13760K, reserved 425984K
}
Event: 23.686 GC heap after
{Heap after GC invocations=35 (full 0):
 garbage-first heap   total 192512K, used 130059K [0x0000000080000000, 0x0000000100000000)
  region size 1024K, 5 young (5120K), 5 survivors (5120K)
 Metaspace       used 96371K, committed 97280K, reserved 557056K
  class space    used 13347K, committed 13760K, reserved 425984K
}
Event: 24.091 GC heap before
{Heap before GC invocations=35 (full 0):
 garbage-first heap   total 192512K, used 160779K [0x0000000080000000, 0x0000000100000000)
  region size 1024K, 35 young (35840K), 5 survivors (5120K)
 Metaspace       used 98020K, committed 98944K, reserved 557056K
  class space    used 13560K, committed 14016K, reserved 425984K
}
Event: 24.098 GC heap after
{Heap after GC invocations=36 (full 0):
 garbage-first heap   total 192512K, used 133656K [0x0000000080000000, 0x0000000100000000)
  region size 1024K, 5 young (5120K), 5 survivors (5120K)
 Metaspace       used 98020K, committed 98944K, reserved 557056K
  class space    used 13560K, committed 14016K, reserved 425984K
}
Event: 28.158 GC heap before
{Heap before GC invocations=36 (full 0):
 garbage-first heap   total 192512K, used 162328K [0x0000000080000000, 0x0000000100000000)
  region size 1024K, 33 young (33792K), 5 survivors (5120K)
 Metaspace       used 99310K, committed 100224K, reserved 557056K
  class space    used 13741K, committed 14144K, reserved 425984K
}
Event: 28.164 GC heap after
{Heap after GC invocations=37 (full 0):
 garbage-first heap   total 385024K, used 137627K [0x0000000080000000, 0x0000000100000000)
  region size 1024K, 4 young (4096K), 4 survivors (4096K)
 Metaspace       used 99310K, committed 100224K, reserved 557056K
  class space    used 13741K, committed 14144K, reserved 425984K
}
Event: 33.880 GC heap before
{Heap before GC invocations=37 (full 0):
 garbage-first heap   total 385024K, used 279963K [0x0000000080000000, 0x0000000100000000)
  region size 1024K, 143 young (146432K), 4 survivors (4096K)
 Metaspace       used 104300K, committed 105344K, reserved 557056K
  class space    used 14395K, committed 14912K, reserved 425984K
}
Event: 33.895 GC heap after
{Heap after GC invocations=38 (full 0):
 garbage-first heap   total 385024K, used 156410K [0x0000000080000000, 0x0000000100000000)
  region size 1024K, 18 young (18432K), 18 survivors (18432K)
 Metaspace       used 104300K, committed 105344K, reserved 557056K
  class space    used 14395K, committed 14912K, reserved 425984K
}
Event: 36.219 GC heap before
{Heap before GC invocations=38 (full 0):
 garbage-first heap   total 385024K, used 287482K [0x0000000080000000, 0x0000000100000000)
  region size 1024K, 147 young (150528K), 18 survivors (18432K)
 Metaspace       used 105650K, committed 106752K, reserved 557056K
  class space    used 14524K, committed 15040K, reserved 425984K
}
Event: 36.244 GC heap after
{Heap after GC invocations=39 (full 0):
 garbage-first heap   total 385024K, used 170690K [0x0000000080000000, 0x0000000100000000)
  region size 1024K, 14 young (14336K), 14 survivors (14336K)
 Metaspace       used 105650K, committed 106752K, reserved 557056K
  class space    used 14524K, committed 15040K, reserved 425984K
}

